<?xml version="1.0" encoding="UTF-8"?>
<testng-results ignored="0" total="4" passed="3" failed="1" skipped="0">
  <reporter-output>
  </reporter-output>
  <suite started-at="2022-11-01T18:12:27 IST" name="Suite" finished-at="2022-11-01T18:13:40 IST" duration-ms="73180">
    <groups>
    </groups>
    <test started-at="2022-11-01T18:12:27 IST" name="Test" finished-at="2022-11-01T18:13:40 IST" duration-ms="73180">
      <class name="Test.RedBusTest">
        <test-method signature="bus()[pri:0, instance:Test.RedBusTest@9597028]" started-at="2022-11-01T18:12:27 IST" name="bus" finished-at="2022-11-01T18:13:04 IST" duration-ms="36692" status="PASS">
          <reporter-output>
          </reporter-output>
        </test-method> <!-- bus -->
      </class> <!-- Test.RedBusTest -->
      <class name="Test.goibibo">
        <test-method signature="book()[pri:0, instance:Test.goibibo@4efbca5a]" started-at="2022-11-01T18:12:27 IST" name="book" finished-at="2022-11-01T18:13:28 IST" duration-ms="60419" status="PASS">
          <reporter-output>
          </reporter-output>
        </test-method> <!-- book -->
      </class> <!-- Test.goibibo -->
      <class name="Test.MagicBriks">
        <test-method signature="magic()[pri:0, instance:Test.MagicBriks@6069db50]" started-at="2022-11-01T18:12:27 IST" name="magic" finished-at="2022-11-01T18:13:07 IST" duration-ms="40041" status="PASS">
          <reporter-output>
          </reporter-output>
        </test-method> <!-- magic -->
      </class> <!-- Test.MagicBriks -->
      <class name="Test.Agoda">
        <test-method signature="hotelBook()[pri:0, instance:Test.Agoda@57a3af25]" started-at="2022-11-01T18:12:27 IST" name="hotelBook" finished-at="2022-11-01T18:13:40 IST" duration-ms="73008" status="FAIL">
          <exception class="org.openqa.selenium.NoSuchElementException">
            <message>
              <![CDATA[no such element: Unable to locate element: {"method":"xpath","selector":"//div[@aria-label='Mon Oct 17 2022']/span"}
  (Session info: chrome=106.0.5249.121)
For documentation on this error, please visit: https://selenium.dev/exceptions/#no_such_element
Build info: version: '4.4.0', revision: 'e5c75ed026a'
System info: host: 'SHEKHAR', ip: '192.168.1.205', os.name: 'Windows 10', os.arch: 'amd64', os.version: '10.0', java.version: '17.0.4'
Driver info: org.openqa.selenium.chrome.ChromeDriver
Command: [465bfd9b59fdfd31c5b6cb331c20b2ab, findElement {using=xpath, value=//div[@aria-label='Mon Oct 17 2022']/span}]
Capabilities {acceptInsecureCerts: false, browserName: chrome, browserVersion: 106.0.5249.121, chrome: {chromedriverVersion: 106.0.5249.61 (511755355844..., userDataDir: C:\Users\tirma\AppData\Loca...}, goog:chromeOptions: {debuggerAddress: localhost:57738}, networkConnectionEnabled: false, pageLoadStrategy: normal, platformName: WINDOWS, proxy: Proxy(), se:cdp: ws://localhost:57738/devtoo..., se:cdpVersion: 106.0.5249.121, setWindowRect: true, strictFileInteractability: false, timeouts: {implicit: 0, pageLoad: 300000, script: 30000}, unhandledPromptBehavior: dismiss and notify, webauthn:extension:credBlob: true, webauthn:extension:largeBlob: true, webauthn:virtualAuthenticators: true}
Session ID: 465bfd9b59fdfd31c5b6cb331c20b2ab]]>
            </message>
            <full-stacktrace>
              <![CDATA[org.openqa.selenium.NoSuchElementException: no such element: Unable to locate element: {"method":"xpath","selector":"//div[@aria-label='Mon Oct 17 2022']/span"}
  (Session info: chrome=106.0.5249.121)
For documentation on this error, please visit: https://selenium.dev/exceptions/#no_such_element
Build info: version: '4.4.0', revision: 'e5c75ed026a'
System info: host: 'SHEKHAR', ip: '192.168.1.205', os.name: 'Windows 10', os.arch: 'amd64', os.version: '10.0', java.version: '17.0.4'
Driver info: org.openqa.selenium.chrome.ChromeDriver
Command: [465bfd9b59fdfd31c5b6cb331c20b2ab, findElement {using=xpath, value=//div[@aria-label='Mon Oct 17 2022']/span}]
Capabilities {acceptInsecureCerts: false, browserName: chrome, browserVersion: 106.0.5249.121, chrome: {chromedriverVersion: 106.0.5249.61 (511755355844..., userDataDir: C:\Users\tirma\AppData\Loca...}, goog:chromeOptions: {debuggerAddress: localhost:57738}, networkConnectionEnabled: false, pageLoadStrategy: normal, platformName: WINDOWS, proxy: Proxy(), se:cdp: ws://localhost:57738/devtoo..., se:cdpVersion: 106.0.5249.121, setWindowRect: true, strictFileInteractability: false, timeouts: {implicit: 0, pageLoad: 300000, script: 30000}, unhandledPromptBehavior: dismiss and notify, webauthn:extension:credBlob: true, webauthn:extension:largeBlob: true, webauthn:virtualAuthenticators: true}
Session ID: 465bfd9b59fdfd31c5b6cb331c20b2ab
at java.base/jdk.internal.reflect.NativeConstructorAccessorImpl.newInstance0(Native Method)
at java.base/jdk.internal.reflect.NativeConstructorAccessorImpl.newInstance(NativeConstructorAccessorImpl.java:77)
at java.base/jdk.internal.reflect.DelegatingConstructorAccessorImpl.newInstance(DelegatingConstructorAccessorImpl.java:45)
at java.base/java.lang.reflect.Constructor.newInstanceWithCaller(Constructor.java:499)
at java.base/java.lang.reflect.Constructor.newInstance(Constructor.java:480)
at org.openqa.selenium.remote.codec.w3c.W3CHttpResponseCodec.createException(W3CHttpResponseCodec.java:200)
at org.openqa.selenium.remote.codec.w3c.W3CHttpResponseCodec.decode(W3CHttpResponseCodec.java:133)
at org.openqa.selenium.remote.codec.w3c.W3CHttpResponseCodec.decode(W3CHttpResponseCodec.java:53)
at org.openqa.selenium.remote.HttpCommandExecutor.execute(HttpCommandExecutor.java:184)
at org.openqa.selenium.remote.service.DriverCommandExecutor.invokeExecute(DriverCommandExecutor.java:167)
at org.openqa.selenium.remote.service.DriverCommandExecutor.execute(DriverCommandExecutor.java:142)
at org.openqa.selenium.remote.RemoteWebDriver.execute(RemoteWebDriver.java:547)
at org.openqa.selenium.remote.ElementLocation$ElementFinder$2.findElement(ElementLocation.java:162)
at org.openqa.selenium.remote.ElementLocation.findElement(ElementLocation.java:60)
at org.openqa.selenium.remote.RemoteWebDriver.findElement(RemoteWebDriver.java:365)
at org.openqa.selenium.remote.RemoteWebDriver.findElement(RemoteWebDriver.java:357)
at Test.Agoda.hotelBook(Agoda.java:45)
at java.base/jdk.internal.reflect.NativeMethodAccessorImpl.invoke0(Native Method)
at java.base/jdk.internal.reflect.NativeMethodAccessorImpl.invoke(NativeMethodAccessorImpl.java:77)
at java.base/jdk.internal.reflect.DelegatingMethodAccessorImpl.invoke(DelegatingMethodAccessorImpl.java:43)
at java.base/java.lang.reflect.Method.invoke(Method.java:568)
at org.testng.internal.invokers.MethodInvocationHelper.invokeMethod(MethodInvocationHelper.java:139)
at org.testng.internal.invokers.TestInvoker.invokeMethod(TestInvoker.java:677)
at org.testng.internal.invokers.TestInvoker.invokeTestMethod(TestInvoker.java:221)
at org.testng.internal.invokers.MethodRunner.runInSequence(MethodRunner.java:50)
at org.testng.internal.invokers.TestInvoker$MethodInvocationAgent.invoke(TestInvoker.java:962)
at org.testng.internal.invokers.TestInvoker.invokeTestMethods(TestInvoker.java:194)
at org.testng.internal.invokers.TestMethodWorker.invokeTestMethods(TestMethodWorker.java:148)
at org.testng.internal.invokers.TestMethodWorker.run(TestMethodWorker.java:128)
at java.base/java.util.concurrent.ThreadPoolExecutor.runWorker(ThreadPoolExecutor.java:1136)
at java.base/java.util.concurrent.ThreadPoolExecutor$Worker.run(ThreadPoolExecutor.java:635)
at java.base/java.lang.Thread.run(Thread.java:833)
]]>
            </full-stacktrace>
          </exception> <!-- org.openqa.selenium.NoSuchElementException -->
          <reporter-output>
          </reporter-output>
        </test-method> <!-- hotelBook -->
      </class> <!-- Test.Agoda -->
    </test> <!-- Test -->
  </suite> <!-- Suite -->
</testng-results>
